mode: set
humn.ai/phan/stdio/stdio.go:14.47,17.21 3 0
humn.ai/phan/stdio/stdio.go:32.2,32.38 1 0
humn.ai/phan/stdio/stdio.go:17.21,20.53 3 0
humn.ai/phan/stdio/stdio.go:24.3,24.10 1 0
humn.ai/phan/stdio/stdio.go:20.53,22.12 2 0
humn.ai/phan/stdio/stdio.go:25.21,25.21 0 0
humn.ai/phan/stdio/stdio.go:27.11,29.10 2 0
humn.ai/phan/stdio/stdio.go:32.38,34.3 1 0
humn.ai/phan/stdio/stdio.go:37.69,38.23 1 0
humn.ai/phan/stdio/stdio.go:55.2,56.18 2 0
humn.ai/phan/stdio/stdio.go:38.23,40.17 2 0
humn.ai/phan/stdio/stdio.go:44.3,45.52 2 0
humn.ai/phan/stdio/stdio.go:49.3,50.17 2 0
humn.ai/phan/stdio/stdio.go:40.17,42.12 2 0
humn.ai/phan/stdio/stdio.go:45.52,47.12 2 0
humn.ai/phan/stdio/stdio.go:50.17,52.12 2 0
humn.ai/phan/worker/worker.go:19.126,27.2 1 0
humn.ai/phan/worker/worker.go:29.22,30.38 1 0
humn.ai/phan/worker/worker.go:30.38,33.3 2 0
humn.ai/phan/worker/worker.go:36.23,38.2 1 0
humn.ai/phan/worker/worker.go:40.114,42.24 2 0
humn.ai/phan/worker/worker.go:69.2,69.66 1 0
humn.ai/phan/worker/worker.go:42.24,44.17 2 0
humn.ai/phan/worker/worker.go:56.3,61.10 2 0
humn.ai/phan/worker/worker.go:44.17,46.11 2 0
humn.ai/phan/worker/worker.go:53.4,53.12 1 0
humn.ai/phan/worker/worker.go:47.21,47.21 0 0
humn.ai/phan/worker/worker.go:49.12,51.11 2 0
humn.ai/phan/worker/worker.go:62.22,62.22 0 0
humn.ai/phan/worker/worker.go:64.11,66.10 2 0
humn.ai/phan/cmd/root.go:25.48,46.4 11 0
humn.ai/phan/cmd/root.go:52.16,54.2 1 0
humn.ai/phan/cmd/root.go:56.13,58.2 1 1
humn.ai/phan/main.go:22.13,31.2 1 0
humn.ai/phan/mapbox/mapbox.go:35.37,42.2 1 0
humn.ai/phan/mapbox/mapbox.go:44.75,46.16 2 0
humn.ai/phan/mapbox/mapbox.go:49.2,49.38 1 0
humn.ai/phan/mapbox/mapbox.go:52.2,53.16 2 0
humn.ai/phan/mapbox/mapbox.go:56.2,57.16 2 0
humn.ai/phan/mapbox/mapbox.go:60.2,60.22 1 0
humn.ai/phan/mapbox/mapbox.go:46.16,48.3 1 0
humn.ai/phan/mapbox/mapbox.go:49.38,51.3 1 0
humn.ai/phan/mapbox/mapbox.go:53.16,55.3 1 0
humn.ai/phan/mapbox/mapbox.go:57.16,59.3 1 0
humn.ai/phan/mapbox/mapbox.go:63.72,68.2 1 1
humn.ai/phan/mapbox/mapbox.go:70.59,72.69 2 1
humn.ai/phan/mapbox/mapbox.go:75.2,75.28 1 1
humn.ai/phan/mapbox/mapbox.go:72.69,74.3 1 0
humn.ai/phan/mapbox/mapbox.go:78.51,79.26 1 1
humn.ai/phan/mapbox/mapbox.go:82.2,82.34 1 1
humn.ai/phan/mapbox/mapbox.go:85.2,85.32 1 1
humn.ai/phan/mapbox/mapbox.go:79.26,81.3 1 1
humn.ai/phan/mapbox/mapbox.go:82.34,84.3 1 1
humn.ai/phan/logger/logger.go:10.46,12.2 1 0
humn.ai/phan/logger/logger.go:14.46,16.2 1 0
humn.ai/phan/logger/logger.go:18.45,20.2 1 0
humn.ai/phan/worker/worker.go:19.126,27.2 1 0
humn.ai/phan/worker/worker.go:29.22,30.38 1 0
humn.ai/phan/worker/worker.go:30.38,33.3 2 0
humn.ai/phan/worker/worker.go:36.23,38.2 1 0
humn.ai/phan/worker/worker.go:40.114,42.24 2 1
humn.ai/phan/worker/worker.go:69.2,69.66 1 1
humn.ai/phan/worker/worker.go:42.24,44.17 2 1
humn.ai/phan/worker/worker.go:56.3,61.10 2 1
humn.ai/phan/worker/worker.go:44.17,46.11 2 1
humn.ai/phan/worker/worker.go:53.4,53.12 1 1
humn.ai/phan/worker/worker.go:47.21,47.21 0 1
humn.ai/phan/worker/worker.go:49.12,51.11 2 0
humn.ai/phan/worker/worker.go:62.22,62.22 0 1
humn.ai/phan/worker/worker.go:64.11,66.10 2 0
humn.ai/phan/mapbox/mapbox.go:35.37,42.2 1 0
humn.ai/phan/mapbox/mapbox.go:44.75,46.16 2 0
humn.ai/phan/mapbox/mapbox.go:49.2,49.38 1 0
humn.ai/phan/mapbox/mapbox.go:52.2,53.16 2 0
humn.ai/phan/mapbox/mapbox.go:56.2,57.16 2 0
humn.ai/phan/mapbox/mapbox.go:60.2,60.22 1 0
humn.ai/phan/mapbox/mapbox.go:46.16,48.3 1 0
humn.ai/phan/mapbox/mapbox.go:49.38,51.3 1 0
humn.ai/phan/mapbox/mapbox.go:53.16,55.3 1 0
humn.ai/phan/mapbox/mapbox.go:57.16,59.3 1 0
humn.ai/phan/mapbox/mapbox.go:63.72,68.2 1 0
humn.ai/phan/mapbox/mapbox.go:70.59,72.69 2 0
humn.ai/phan/mapbox/mapbox.go:75.2,75.28 1 0
humn.ai/phan/mapbox/mapbox.go:72.69,74.3 1 0
humn.ai/phan/mapbox/mapbox.go:78.51,79.26 1 0
humn.ai/phan/mapbox/mapbox.go:82.2,82.34 1 0
humn.ai/phan/mapbox/mapbox.go:85.2,85.32 1 0
humn.ai/phan/mapbox/mapbox.go:79.26,81.3 1 0
humn.ai/phan/mapbox/mapbox.go:82.34,84.3 1 0
humn.ai/phan/logger/logger.go:10.46,12.2 1 1
humn.ai/phan/logger/logger.go:14.46,16.2 1 0
humn.ai/phan/logger/logger.go:18.45,20.2 1 1
humn.ai/phan/stdio/stdio.go:14.47,17.21 3 0
humn.ai/phan/stdio/stdio.go:32.2,32.38 1 0
humn.ai/phan/stdio/stdio.go:17.21,20.53 3 0
humn.ai/phan/stdio/stdio.go:24.3,24.10 1 0
humn.ai/phan/stdio/stdio.go:20.53,22.12 2 0
humn.ai/phan/stdio/stdio.go:25.21,25.21 0 0
humn.ai/phan/stdio/stdio.go:27.11,29.10 2 0
humn.ai/phan/stdio/stdio.go:32.38,34.3 1 0
humn.ai/phan/stdio/stdio.go:37.69,38.23 1 0
humn.ai/phan/stdio/stdio.go:55.2,56.18 2 0
humn.ai/phan/stdio/stdio.go:38.23,40.17 2 0
humn.ai/phan/stdio/stdio.go:44.3,45.52 2 0
humn.ai/phan/stdio/stdio.go:49.3,50.17 2 0
humn.ai/phan/stdio/stdio.go:40.17,42.12 2 0
humn.ai/phan/stdio/stdio.go:45.52,47.12 2 0
humn.ai/phan/stdio/stdio.go:50.17,52.12 2 0
humn.ai/phan/cmd/root.go:25.48,46.4 11 0
humn.ai/phan/cmd/root.go:52.16,54.2 1 0
humn.ai/phan/cmd/root.go:56.13,58.2 1 1
humn.ai/phan/main.go:22.13,31.2 1 0
humn.ai/phan/stdio/stdio.go:14.47,17.21 3 1
humn.ai/phan/stdio/stdio.go:32.2,32.38 1 1
humn.ai/phan/stdio/stdio.go:17.21,20.53 3 1
humn.ai/phan/stdio/stdio.go:24.3,24.10 1 1
humn.ai/phan/stdio/stdio.go:20.53,22.12 2 0
humn.ai/phan/stdio/stdio.go:25.21,25.21 0 1
humn.ai/phan/stdio/stdio.go:27.11,29.10 2 0
humn.ai/phan/stdio/stdio.go:32.38,34.3 1 0
humn.ai/phan/stdio/stdio.go:37.69,38.23 1 1
humn.ai/phan/stdio/stdio.go:55.2,56.18 2 1
humn.ai/phan/stdio/stdio.go:38.23,40.17 2 1
humn.ai/phan/stdio/stdio.go:44.3,45.52 2 1
humn.ai/phan/stdio/stdio.go:49.3,50.17 2 1
humn.ai/phan/stdio/stdio.go:40.17,42.12 2 0
humn.ai/phan/stdio/stdio.go:45.52,47.12 2 0
humn.ai/phan/stdio/stdio.go:50.17,52.12 2 0
humn.ai/phan/worker/worker.go:19.126,27.2 1 1
humn.ai/phan/worker/worker.go:29.22,30.38 1 1
humn.ai/phan/worker/worker.go:30.38,33.3 2 1
humn.ai/phan/worker/worker.go:36.23,38.2 1 1
humn.ai/phan/worker/worker.go:40.114,42.24 2 1
humn.ai/phan/worker/worker.go:69.2,69.66 1 1
humn.ai/phan/worker/worker.go:42.24,44.17 2 1
humn.ai/phan/worker/worker.go:56.3,61.10 2 1
humn.ai/phan/worker/worker.go:44.17,46.11 2 0
humn.ai/phan/worker/worker.go:53.4,53.12 1 0
humn.ai/phan/worker/worker.go:47.21,47.21 0 0
humn.ai/phan/worker/worker.go:49.12,51.11 2 0
humn.ai/phan/worker/worker.go:62.22,62.22 0 1
humn.ai/phan/worker/worker.go:64.11,66.10 2 0
humn.ai/phan/main.go:22.13,31.2 1 0
humn.ai/phan/cmd/root.go:25.48,46.4 11 0
humn.ai/phan/cmd/root.go:52.16,54.2 1 0
humn.ai/phan/cmd/root.go:56.13,58.2 1 1
humn.ai/phan/mapbox/mapbox.go:35.37,42.2 1 0
humn.ai/phan/mapbox/mapbox.go:44.75,46.16 2 0
humn.ai/phan/mapbox/mapbox.go:49.2,49.38 1 0
humn.ai/phan/mapbox/mapbox.go:52.2,53.16 2 0
humn.ai/phan/mapbox/mapbox.go:56.2,57.16 2 0
humn.ai/phan/mapbox/mapbox.go:60.2,60.22 1 0
humn.ai/phan/mapbox/mapbox.go:46.16,48.3 1 0
humn.ai/phan/mapbox/mapbox.go:49.38,51.3 1 0
humn.ai/phan/mapbox/mapbox.go:53.16,55.3 1 0
humn.ai/phan/mapbox/mapbox.go:57.16,59.3 1 0
humn.ai/phan/mapbox/mapbox.go:63.72,68.2 1 0
humn.ai/phan/mapbox/mapbox.go:70.59,72.69 2 0
humn.ai/phan/mapbox/mapbox.go:75.2,75.28 1 0
humn.ai/phan/mapbox/mapbox.go:72.69,74.3 1 0
humn.ai/phan/mapbox/mapbox.go:78.51,79.26 1 0
humn.ai/phan/mapbox/mapbox.go:82.2,82.34 1 0
humn.ai/phan/mapbox/mapbox.go:85.2,85.32 1 0
humn.ai/phan/mapbox/mapbox.go:79.26,81.3 1 0
humn.ai/phan/mapbox/mapbox.go:82.34,84.3 1 0
humn.ai/phan/logger/logger.go:10.46,12.2 1 0
humn.ai/phan/logger/logger.go:14.46,16.2 1 0
humn.ai/phan/logger/logger.go:18.45,20.2 1 1
humn.ai/phan/logger/logger.go:10.46,12.2 1 0
humn.ai/phan/logger/logger.go:14.46,16.2 1 0
humn.ai/phan/logger/logger.go:18.45,20.2 1 1
humn.ai/phan/worker/worker.go:19.126,27.2 1 0
humn.ai/phan/worker/worker.go:29.22,30.38 1 0
humn.ai/phan/worker/worker.go:30.38,33.3 2 0
humn.ai/phan/worker/worker.go:36.23,38.2 1 0
humn.ai/phan/worker/worker.go:40.114,42.24 2 0
humn.ai/phan/worker/worker.go:69.2,69.66 1 0
humn.ai/phan/worker/worker.go:42.24,44.17 2 0
humn.ai/phan/worker/worker.go:56.3,61.10 2 0
humn.ai/phan/worker/worker.go:44.17,46.11 2 0
humn.ai/phan/worker/worker.go:53.4,53.12 1 0
humn.ai/phan/worker/worker.go:47.21,47.21 0 0
humn.ai/phan/worker/worker.go:49.12,51.11 2 0
humn.ai/phan/worker/worker.go:62.22,62.22 0 0
humn.ai/phan/worker/worker.go:64.11,66.10 2 0
humn.ai/phan/cmd/root.go:25.48,46.4 11 0
humn.ai/phan/cmd/root.go:52.16,54.2 1 0
humn.ai/phan/cmd/root.go:56.13,58.2 1 1
humn.ai/phan/main.go:22.13,31.2 1 0
humn.ai/phan/stdio/stdio.go:14.47,17.21 3 1
humn.ai/phan/stdio/stdio.go:32.2,32.38 1 1
humn.ai/phan/stdio/stdio.go:17.21,20.53 3 1
humn.ai/phan/stdio/stdio.go:24.3,24.10 1 1
humn.ai/phan/stdio/stdio.go:20.53,22.12 2 0
humn.ai/phan/stdio/stdio.go:25.21,25.21 0 1
humn.ai/phan/stdio/stdio.go:27.11,29.10 2 0
humn.ai/phan/stdio/stdio.go:32.38,34.3 1 0
humn.ai/phan/stdio/stdio.go:37.69,38.23 1 1
humn.ai/phan/stdio/stdio.go:55.2,56.18 2 1
humn.ai/phan/stdio/stdio.go:38.23,40.17 2 1
humn.ai/phan/stdio/stdio.go:44.3,45.52 2 1
humn.ai/phan/stdio/stdio.go:49.3,50.17 2 1
humn.ai/phan/stdio/stdio.go:40.17,42.12 2 0
humn.ai/phan/stdio/stdio.go:45.52,47.12 2 0
humn.ai/phan/stdio/stdio.go:50.17,52.12 2 0
humn.ai/phan/mapbox/mapbox.go:35.37,42.2 1 0
humn.ai/phan/mapbox/mapbox.go:44.75,46.16 2 0
humn.ai/phan/mapbox/mapbox.go:49.2,49.38 1 0
humn.ai/phan/mapbox/mapbox.go:52.2,53.16 2 0
humn.ai/phan/mapbox/mapbox.go:56.2,57.16 2 0
humn.ai/phan/mapbox/mapbox.go:60.2,60.22 1 0
humn.ai/phan/mapbox/mapbox.go:46.16,48.3 1 0
humn.ai/phan/mapbox/mapbox.go:49.38,51.3 1 0
humn.ai/phan/mapbox/mapbox.go:53.16,55.3 1 0
humn.ai/phan/mapbox/mapbox.go:57.16,59.3 1 0
humn.ai/phan/mapbox/mapbox.go:63.72,68.2 1 0
humn.ai/phan/mapbox/mapbox.go:70.59,72.69 2 0
humn.ai/phan/mapbox/mapbox.go:75.2,75.28 1 0
humn.ai/phan/mapbox/mapbox.go:72.69,74.3 1 0
humn.ai/phan/mapbox/mapbox.go:78.51,79.26 1 0
humn.ai/phan/mapbox/mapbox.go:82.2,82.34 1 0
humn.ai/phan/mapbox/mapbox.go:85.2,85.32 1 0
humn.ai/phan/mapbox/mapbox.go:79.26,81.3 1 0
humn.ai/phan/mapbox/mapbox.go:82.34,84.3 1 0
